{"/home/majortom/Upwork/gdalGisOps/src/gdalMultiToSingle.js": {"path":"/home/majortom/Upwork/gdalGisOps/src/gdalMultiToSingle.js","statementMap":{"0":{"start":{"line":1,"column":13},"end":{"line":1,"column":28}},"1":{"start":{"line":2,"column":13},"end":{"line":2,"column":28}},"2":{"start":{"line":4,"column":23},"end":{"line":39,"column":1}},"3":{"start":{"line":5,"column":21},"end":{"line":5,"column":61}},"4":{"start":{"line":6,"column":20},"end":{"line":6,"column":87}},"5":{"start":{"line":7,"column":19},"end":{"line":7,"column":70}},"6":{"start":{"line":8,"column":2},"end":{"line":10,"column":3}},"7":{"start":{"line":9,"column":4},"end":{"line":9,"column":58}},"8":{"start":{"line":12,"column":21},"end":{"line":12,"column":47}},"9":{"start":{"line":13,"column":2},"end":{"line":35,"column":3}},"10":{"start":{"line":14,"column":4},"end":{"line":21,"column":5}},"11":{"start":{"line":15,"column":22},"end":{"line":15,"column":48}},"12":{"start":{"line":16,"column":6},"end":{"line":16,"column":54}},"13":{"start":{"line":17,"column":6},"end":{"line":19,"column":7}},"14":{"start":{"line":18,"column":8},"end":{"line":18,"column":76}},"15":{"start":{"line":20,"column":6},"end":{"line":20,"column":37}},"16":{"start":{"line":23,"column":4},"end":{"line":32,"column":5}},"17":{"start":{"line":24,"column":6},"end":{"line":31,"column":7}},"18":{"start":{"line":25,"column":24},"end":{"line":25,"column":50}},"19":{"start":{"line":26,"column":8},"end":{"line":26,"column":40}},"20":{"start":{"line":27,"column":8},"end":{"line":29,"column":9}},"21":{"start":{"line":28,"column":10},"end":{"line":28,"column":78}},"22":{"start":{"line":30,"column":8},"end":{"line":30,"column":39}},"23":{"start":{"line":34,"column":4},"end":{"line":34,"column":45}},"24":{"start":{"line":37,"column":2},"end":{"line":37,"column":19}},"25":{"start":{"line":38,"column":2},"end":{"line":38,"column":20}},"26":{"start":{"line":41,"column":0},"end":{"line":57,"column":2}},"27":{"start":{"line":42,"column":15},"end":{"line":42,"column":28}},"28":{"start":{"line":43,"column":19},"end":{"line":43,"column":64}},"29":{"start":{"line":44,"column":2},"end":{"line":56,"column":3}},"30":{"start":{"line":47,"column":6},"end":{"line":47,"column":85}},"31":{"start":{"line":50,"column":6},"end":{"line":50,"column":83}},"32":{"start":{"line":53,"column":6},"end":{"line":53,"column":88}},"33":{"start":{"line":55,"column":6},"end":{"line":55,"column":48}}},"fnMap":{"0":{"name":"(anonymous_0)","decl":{"start":{"line":4,"column":23},"end":{"line":4,"column":24}},"loc":{"start":{"line":4,"column":86},"end":{"line":39,"column":1}},"line":4},"1":{"name":"(anonymous_1)","decl":{"start":{"line":41,"column":17},"end":{"line":41,"column":18}},"loc":{"start":{"line":41,"column":58},"end":{"line":57,"column":1}},"line":41}},"branchMap":{"0":{"loc":{"start":{"line":14,"column":4},"end":{"line":21,"column":5}},"type":"if","locations":[{"start":{"line":14,"column":4},"end":{"line":21,"column":5}},{"start":{"line":14,"column":4},"end":{"line":21,"column":5}}],"line":14},"1":{"loc":{"start":{"line":23,"column":4},"end":{"line":32,"column":5}},"type":"if","locations":[{"start":{"line":23,"column":4},"end":{"line":32,"column":5}},{"start":{"line":23,"column":4},"end":{"line":32,"column":5}}],"line":23},"2":{"loc":{"start":{"line":44,"column":2},"end":{"line":56,"column":3}},"type":"switch","locations":[{"start":{"line":45,"column":4},"end":{"line":45,"column":24}},{"start":{"line":46,"column":4},"end":{"line":47,"column":85}},{"start":{"line":48,"column":4},"end":{"line":48,"column":17}},{"start":{"line":49,"column":4},"end":{"line":50,"column":83}},{"start":{"line":51,"column":4},"end":{"line":51,"column":22}},{"start":{"line":52,"column":4},"end":{"line":53,"column":88}},{"start":{"line":54,"column":4},"end":{"line":55,"column":48}}],"line":44}},"s":{"0":1,"1":1,"2":1,"3":4,"4":4,"5":4,"6":4,"7":13,"8":4,"9":4,"10":18,"11":9,"12":9,"13":9,"14":27,"15":9,"16":18,"17":9,"18":26,"19":26,"20":26,"21":85,"22":26,"23":18,"24":4,"25":4,"26":1,"27":4,"28":4,"29":4,"30":1,"31":1,"32":2,"33":0},"f":{"0":4,"1":4},"b":{"0":[9,9],"1":[9,9],"2":[1,1,0,1,1,2,0]},"_coverageSchema":"332fd63041d2c1bcb487cc26dd0d5f7d97098a6c","hash":"f9f20a21694be1d6c9616c4e791fcd4ac1efcc40"}
,"/home/majortom/Upwork/gdalGisOps/src/index.js": {"path":"/home/majortom/Upwork/gdalGisOps/src/index.js","statementMap":{"0":{"start":{"line":1,"column":13},"end":{"line":1,"column":28}},"1":{"start":{"line":2,"column":26},"end":{"line":2,"column":56}},"2":{"start":{"line":4,"column":22},"end":{"line":14,"column":1}},"3":{"start":{"line":9,"column":2},"end":{"line":13,"column":3}},"4":{"start":{"line":10,"column":4},"end":{"line":10,"column":66}},"5":{"start":{"line":12,"column":4},"end":{"line":12,"column":23}},"6":{"start":{"line":16,"column":0},"end":{"line":16,"column":38}}},"fnMap":{"0":{"name":"(anonymous_0)","decl":{"start":{"line":4,"column":22},"end":{"line":4,"column":23}},"loc":{"start":{"line":8,"column":5},"end":{"line":14,"column":1}},"line":8}},"branchMap":{"0":{"loc":{"start":{"line":6,"column":2},"end":{"line":6,"column":55}},"type":"default-arg","locations":[{"start":{"line":6,"column":15},"end":{"line":6,"column":55}}],"line":6},"1":{"loc":{"start":{"line":7,"column":2},"end":{"line":7,"column":33}},"type":"default-arg","locations":[{"start":{"line":7,"column":17},"end":{"line":7,"column":33}}],"line":7}},"s":{"0":1,"1":1,"2":1,"3":4,"4":4,"5":0,"6":1},"f":{"0":4},"b":{"0":[0],"1":[0]},"_coverageSchema":"332fd63041d2c1bcb487cc26dd0d5f7d97098a6c","hash":"d959f32dbdd5ff7a321a03b50db3019b94850117"}
}
