TN:
SF:/home/majortom/Upwork/gdalGisOps/src/gdalMultiToSingle.js
FN:4,(anonymous_0)
FN:41,(anonymous_1)
FNF:2
FNH:2
FNDA:4,(anonymous_0)
FNDA:4,(anonymous_1)
DA:1,1
DA:2,1
DA:4,1
DA:5,4
DA:6,4
DA:7,4
DA:8,4
DA:9,13
DA:12,4
DA:13,4
DA:14,18
DA:15,9
DA:16,9
DA:17,9
DA:18,27
DA:20,9
DA:23,18
DA:24,9
DA:25,26
DA:26,26
DA:27,26
DA:28,85
DA:30,26
DA:34,18
DA:37,4
DA:38,4
DA:41,1
DA:42,4
DA:43,4
DA:44,4
DA:47,1
DA:50,1
DA:53,2
DA:55,0
LF:34
LH:33
BRDA:14,0,0,9
BRDA:14,0,1,9
BRDA:23,1,0,9
BRDA:23,1,1,9
BRDA:44,2,0,1
BRDA:44,2,1,1
BRDA:44,2,2,0
BRDA:44,2,3,1
BRDA:44,2,4,1
BRDA:44,2,5,2
BRDA:44,2,6,0
BRF:11
BRH:9
end_of_record
TN:
SF:/home/majortom/Upwork/gdalGisOps/src/index.js
FN:4,(anonymous_0)
FNF:1
FNH:1
FNDA:4,(anonymous_0)
DA:1,1
DA:2,1
DA:4,1
DA:9,4
DA:10,4
DA:12,0
DA:16,1
LF:7
LH:6
BRDA:6,0,0,0
BRDA:7,1,0,0
BRF:2
BRH:0
end_of_record
